Vivado Simulator 2018.3
Time resolution is 1 ps
 Block Memory Generator module loading initial data...
 Block Memory Generator data initialization complete.
Block Memory Generator module TOP.if_unit.instMem.inst.native_mem_module.blk_mem_gen_v8_4_2_inst is using a behavioral model for simulation which will not precisely model memory collision behavior.
Stopped at time : 3850 ns : File "C:/Users/chaorunliu/Desktop/files/RISCVCPU/RISCV/RISCV.srcs/sources_1/new/MEM.v" Line 72
Stopped at time : 3850 ns : File "C:/Users/chaorunliu/Desktop/files/RISCVCPU/RISCV/RISCV.srcs/sources_1/new/MEM.v" Line 73
Stopped at time : 3850 ns : File "C:/Users/chaorunliu/Desktop/files/RISCVCPU/RISCV/RISCV.srcs/sources_1/new/MEM.v" Line 74
Stopped at time : 3850 ns : File "C:/Users/chaorunliu/Desktop/files/RISCVCPU/RISCV/RISCV.srcs/sources_1/new/MEM.v" Line 75
Stopped at time : 3850 ns : File "C:/Users/chaorunliu/Desktop/files/RISCVCPU/RISCV/RISCV.srcs/sources_1/new/MEM.v" Line 76
Stopped at time : 3850 ns : File "C:/Users/chaorunliu/Desktop/files/RISCVCPU/RISCV/RISCV.srcs/sources_1/new/MEM.v" Line 77
Stopped at time : 3850 ns : File "C:/Users/chaorunliu/Desktop/files/RISCVCPU/RISCV/RISCV.srcs/sources_1/new/MEM.v" Line 77
Stopped at time : 3850 ns : File "C:/Users/chaorunliu/Desktop/files/RISCVCPU/RISCV/RISCV.srcs/sources_1/new/MEM.v" Line 79
Stopped at time : 3850 ns : File "C:/Users/chaorunliu/Desktop/files/RISCVCPU/RISCV/RISCV.srcs/sources_1/new/MEM.v" Line 83
Stopped at time : 3850 ns : File "C:/Users/chaorunliu/Desktop/files/RISCVCPU/RISCV/RISCV.srcs/sources_1/new/MEM.v" Line 85
Stopped at time : 3850 ns : File "C:/Users/chaorunliu/Desktop/files/RISCVCPU/RISCV/RISCV.srcs/sources_1/new/MEM.v" Line 86
Stopped at time : 3850 ns : File "C:/Users/chaorunliu/Desktop/files/RISCVCPU/RISCV/RISCV.srcs/sources_1/new/MEM.v" Line 87
Stopped at time : 3850 ns : File "C:/Users/chaorunliu/Desktop/files/RISCVCPU/RISCV/RISCV.srcs/sources_1/new/MEM.v" Line 90
Stopped at time : 3850 ns : File "C:/Users/chaorunliu/Desktop/files/RISCVCPU/RISCV/RISCV.srcs/sources_1/new/MEM.v" Line 71
Stopped at time : 3950 ns : File "C:/Users/chaorunliu/Desktop/files/RISCVCPU/RISCV/RISCV.srcs/sources_1/new/MEM.v" Line 72
Stopped at time : 4050 ns : File "C:/Users/chaorunliu/Desktop/files/RISCVCPU/RISCV/RISCV.srcs/sources_1/new/MEM.v" Line 72
