INFO: [VRFC 10-2263] Analyzing Verilog file "C:/Users/chaorunliu/Desktop/files/RISCVCPU/RISCV/RISCV.srcs/sources_1/ip/prgROM/sim/prgROM.v" into library xil_defaultlib
INFO: [VRFC 10-311] analyzing module prgROM
INFO: [VRFC 10-2263] Analyzing Verilog file "C:/Users/chaorunliu/Desktop/files/RISCVCPU/RISCV/RISCV.srcs/sources_1/new/EX.v" into library xil_defaultlib
INFO: [VRFC 10-311] analyzing module EX
INFO: [VRFC 10-2263] Analyzing Verilog file "C:/Users/chaorunliu/Desktop/files/RISCVCPU/RISCV/RISCV.srcs/sources_1/new/ID.v" into library xil_defaultlib
INFO: [VRFC 10-311] analyzing module RegisterFiles
INFO: [VRFC 10-311] analyzing module ID
INFO: [VRFC 10-2263] Analyzing Verilog file "C:/Users/chaorunliu/Desktop/files/RISCVCPU/RISCV/RISCV.srcs/sources_1/new/IF.v" into library xil_defaultlib
INFO: [VRFC 10-311] analyzing module IF
INFO: [VRFC 10-2263] Analyzing Verilog file "C:/Users/chaorunliu/Desktop/files/RISCVCPU/RISCV/RISCV.srcs/sources_1/new/MEM.v" into library xil_defaultlib
INFO: [VRFC 10-311] analyzing module MEM
INFO: [VRFC 10-2263] Analyzing Verilog file "C:/Users/chaorunliu/Desktop/files/RISCVCPU/RISCV/RISCV.srcs/sources_1/new/RAM.v" into library xil_defaultlib
INFO: [VRFC 10-311] analyzing module RAM
INFO: [VRFC 10-2263] Analyzing Verilog file "C:/Users/chaorunliu/Desktop/files/RISCVCPU/RISCV/RISCV.srcs/sources_1/new/RegisterFiles.v" into library xil_defaultlib
INFO: [VRFC 10-311] analyzing module RegisterFiles
WARNING: [VRFC 10-3609] overwriting previous definition of module 'RegisterFiles' [C:/Users/chaorunliu/Desktop/files/RISCVCPU/RISCV/RISCV.srcs/sources_1/new/RegisterFiles.v:23]
INFO: [VRFC 10-2263] Analyzing Verilog file "C:/Users/chaorunliu/Desktop/files/RISCVCPU/RISCV/RISCV.srcs/sources_1/new/WB.v" into library xil_defaultlib
INFO: [VRFC 10-311] analyzing module WB
INFO: [VRFC 10-2263] Analyzing Verilog file "C:/Users/chaorunliu/Desktop/files/RISCVCPU/RISCV/RISCV.srcs/sources_1/new/TOP.v" into library xil_defaultlib
INFO: [VRFC 10-311] analyzing module TOP
INFO: [VRFC 10-2263] Analyzing Verilog file "C:/Users/chaorunliu/Desktop/files/RISCVCPU/RISCV/RISCV.sim/sim_1/behav/xsim/glbl.v" into library xil_defaultlib
INFO: [VRFC 10-311] analyzing module glbl
