#-----------------------------------------------------------
# Vivado v2018.3 (64-bit)
# SW Build 2405991 on Thu Dec  6 23:38:27 MST 2018
# IP Build 2404404 on Fri Dec  7 01:43:56 MST 2018
# Start of session at: Wed Jul 14 10:39:25 2021
# Process ID: 40748
# Current directory: C:/Users/chaorunliu/Desktop/files/RISCVCPU/RISCV
# Command line: vivado.exe -gui_launcher_event rodinguilauncherevent72836 C:\Users\chaorunliu\Desktop\files\RISCVCPU\RISCV\RISCV.xpr
# Log file: C:/Users/chaorunliu/Desktop/files/RISCVCPU/RISCV/vivado.log
# Journal file: C:/Users/chaorunliu/Desktop/files/RISCVCPU/RISCV\vivado.jou
#-----------------------------------------------------------
start_gui
open_project C:/Users/chaorunliu/Desktop/files/RISCVCPU/RISCV/RISCV.xpr
Scanning sources...
Finished scanning sources
INFO: [IP_Flow 19-234] Refreshing IP repositories
INFO: [IP_Flow 19-1704] No user IP repositories specified
INFO: [IP_Flow 19-2313] Loaded Vivado IP repository 'C:/Xilinx/Vivado/2018.3/data/ip'.
open_project: Time (s): cpu = 00:00:14 ; elapsed = 00:00:07 . Memory (MB): peak = 808.492 ; gain = 180.836
update_compile_order -fileset sources_1
exit
INFO: [Common 17-206] Exiting Vivado at Wed Jul 14 10:40:30 2021...
