#-----------------------------------------------------------
# Vivado v2018.3 (64-bit)
# SW Build 2405991 on Thu Dec  6 23:38:27 MST 2018
# IP Build 2404404 on Fri Dec  7 01:43:56 MST 2018
# Start of session at: Mon Jun 21 14:23:46 2021
# Process ID: 1400
# Current directory: C:/Users/X/Documents/GitHub/RISCVCPU/RISCV
# Command line: vivado.exe -gui_launcher_event rodinguilauncherevent17380 C:\Users\X\Documents\GitHub\RISCVCPU\RISCV\RISCV.xpr
# Log file: C:/Users/X/Documents/GitHub/RISCVCPU/RISCV/vivado.log
# Journal file: C:/Users/X/Documents/GitHub/RISCVCPU/RISCV\vivado.jou
#-----------------------------------------------------------
start_gui
open_project C:/Users/X/Documents/GitHub/RISCVCPU/RISCV/RISCV.xpr
INFO: [Project 1-313] Project file moved from 'C:/Users/chaorunliu/Desktop/files/RISCVCPU/RISCV' since last save.
CRITICAL WARNING: [Project 1-311] Could not find the file 'C:/Users/X/Documents/GitHub/RISCVCPU/Pipline/ALU.v', nor could it be found using path 'C:/Users/chaorunliu/Desktop/files/RISCVCPU/Pipline/ALU.v'.
Scanning sources...
Finished scanning sources
INFO: [IP_Flow 19-234] Refreshing IP repositories
INFO: [IP_Flow 19-1704] No user IP repositories specified
INFO: [IP_Flow 19-2313] Loaded Vivado IP repository 'C:/Xilinx/Vivado/2018.3/data/ip'.
update_compile_order -fileset sources_1
generate_target Simulation [get_files C:/Users/X/Documents/GitHub/RISCVCPU/RISCV/RISCV.srcs/sources_1/ip/prgROM/prgROM.xci]
INFO: [IP_Flow 19-1686] Generating 'Simulation' target for IP 'prgROM'...
export_ip_user_files -of_objects [get_files C:/Users/X/Documents/GitHub/RISCVCPU/RISCV/RISCV.srcs/sources_1/ip/prgROM/prgROM.xci] -no_script -sync -force -quiet
export_simulation -of_objects [get_files C:/Users/X/Documents/GitHub/RISCVCPU/RISCV/RISCV.srcs/sources_1/ip/prgROM/prgROM.xci] -directory C:/Users/X/Documents/GitHub/RISCVCPU/RISCV/RISCV.ip_user_files/sim_scripts -ip_user_files_dir C:/Users/X/Documents/GitHub/RISCVCPU/RISCV/RISCV.ip_user_files -ipstatic_source_dir C:/Users/X/Documents/GitHub/RISCVCPU/RISCV/RISCV.ip_user_files/ipstatic -lib_map_path [list {modelsim=C:/Users/X/Documents/GitHub/RISCVCPU/RISCV/RISCV.cache/compile_simlib/modelsim} {questa=C:/Users/X/Documents/GitHub/RISCVCPU/RISCV/RISCV.cache/compile_simlib/questa} {riviera=C:/Users/X/Documents/GitHub/RISCVCPU/RISCV/RISCV.cache/compile_simlib/riviera} {activehdl=C:/Users/X/Documents/GitHub/RISCVCPU/RISCV/RISCV.cache/compile_simlib/activehdl}] -use_ip_compiled_libs -force -quiet
launch_simulation
INFO: [Vivado 12-5698] Checking validity of IPs in the design for the 'XSim' simulator...
INFO: [Vivado 12-5682] Launching behavioral simulation in 'C:/Users/X/Documents/GitHub/RISCVCPU/RISCV/RISCV.sim/sim_1/behav/xsim'
INFO: [Vivado 12-4795] Using compiled simulation libraries for IPs
INFO: [SIM-utils-51] Simulation object is 'sim_1'
INFO: [USF-XSim-7] Finding pre-compiled libraries...
INFO: [USF-XSim-11] File 'C:/Xilinx/Vivado/2018.3/data/xsim/xsim.ini' copied to run dir:'C:/Users/X/Documents/GitHub/RISCVCPU/RISCV/RISCV.sim/sim_1/behav/xsim'
INFO: [SIM-utils-54] Inspecting design source files for 'IFID_sim' in fileset 'sim_1'...
INFO: [SIM-utils-43] Exported 'C:/Users/X/Documents/GitHub/RISCVCPU/RISCV/RISCV.sim/sim_1/behav/xsim/prgROM.mif'
INFO: [SIM-utils-43] Exported 'C:/Users/X/Documents/GitHub/RISCVCPU/RISCV/RISCV.sim/sim_1/behav/xsim/prgmip32.coe'
INFO: [USF-XSim-97] Finding global include files...
INFO: [USF-XSim-98] Fetching design files from 'sim_1'...
INFO: [USF-XSim-2] XSim::Compile design
INFO: [USF-XSim-61] Executing 'COMPILE and ANALYZE' step in 'C:/Users/X/Documents/GitHub/RISCVCPU/RISCV/RISCV.sim/sim_1/behav/xsim'
"xvlog --incr --relax -prj IFID_sim_vlog.prj"
INFO: [VRFC 10-2263] Analyzing Verilog file "C:/Users/X/Documents/GitHub/RISCVCPU/RISCV/RISCV.srcs/sources_1/ip/prgROM/sim/prgROM.v" into library xil_defaultlib
INFO: [VRFC 10-311] analyzing module prgROM
INFO: [VRFC 10-2263] Analyzing Verilog file "C:/Users/X/Documents/GitHub/RISCVCPU/RISCV/RISCV.srcs/sources_1/new/ID.v" into library xil_defaultlib
INFO: [VRFC 10-311] analyzing module RegisterFiles
INFO: [VRFC 10-311] analyzing module ID
INFO: [VRFC 10-2263] Analyzing Verilog file "C:/Users/X/Documents/GitHub/RISCVCPU/RISCV/RISCV.srcs/sources_1/new/IF.v" into library xil_defaultlib
INFO: [VRFC 10-311] analyzing module IF
INFO: [VRFC 10-2263] Analyzing Verilog file "C:/Users/X/Documents/GitHub/RISCVCPU/RISCV/RISCV.srcs/sources_1/new/RegisterFiles.v" into library xil_defaultlib
INFO: [VRFC 10-311] analyzing module RegisterFiles
WARNING: [VRFC 10-3609] overwriting previous definition of module 'RegisterFiles' [C:/Users/X/Documents/GitHub/RISCVCPU/RISCV/RISCV.srcs/sources_1/new/RegisterFiles.v:23]
INFO: [VRFC 10-2263] Analyzing Verilog file "C:/Users/X/Documents/GitHub/RISCVCPU/RISCV/RISCV.srcs/sim_1/new/IFID_sim.v" into library xil_defaultlib
INFO: [VRFC 10-311] analyzing module IFID_sim
INFO: [VRFC 10-2458] undeclared symbol PC_jump, assumed default net type wire [C:/Users/X/Documents/GitHub/RISCVCPU/RISCV/RISCV.srcs/sim_1/new/IFID_sim.v:70]
INFO: [VRFC 10-2263] Analyzing Verilog file "C:/Users/X/Documents/GitHub/RISCVCPU/RISCV/RISCV.sim/sim_1/behav/xsim/glbl.v" into library xil_defaultlib
INFO: [VRFC 10-311] analyzing module glbl
INFO: [USF-XSim-69] 'compile' step finished in '1' seconds
INFO: [USF-XSim-3] XSim::Elaborate design
INFO: [USF-XSim-61] Executing 'ELABORATE' step in 'C:/Users/X/Documents/GitHub/RISCVCPU/RISCV/RISCV.sim/sim_1/behav/xsim'
Vivado Simulator 2018.3
Copyright 1986-1999, 2001-2018 Xilinx, Inc. All Rights Reserved.
Running: C:/Xilinx/Vivado/2018.3/bin/unwrapped/win64.o/xelab.exe -wto 325a92c309a84c33a8e58734b077d194 --incr --debug typical --relax --mt 2 -L blk_mem_gen_v8_4_2 -L xil_defaultlib -L unisims_ver -L unimacro_ver -L secureip -L xpm --snapshot IFID_sim_behav xil_defaultlib.IFID_sim xil_defaultlib.glbl -log elaborate.log 
Using 2 slave threads.
Starting static elaboration
Completed static elaboration
Starting simulation data flow analysis
Completed simulation data flow analysis
Time Resolution for simulation is 1ps
Compiling module blk_mem_gen_v8_4_2.blk_mem_gen_v8_4_2_output_stage(...
Compiling module blk_mem_gen_v8_4_2.blk_mem_gen_v8_4_2_output_stage(...
Compiling module blk_mem_gen_v8_4_2.blk_mem_gen_v8_4_2_softecc_outpu...
Compiling module blk_mem_gen_v8_4_2.blk_mem_gen_v8_4_2_mem_module(C_...
Compiling module blk_mem_gen_v8_4_2.blk_mem_gen_v8_4_2(C_ELABORATION...
Compiling module xil_defaultlib.prgROM
Compiling module xil_defaultlib.IF
Compiling module xil_defaultlib.RegisterFiles
Compiling module xil_defaultlib.ID
Compiling module xil_defaultlib.IFID_sim
Compiling module xil_defaultlib.glbl
Built simulation snapshot IFID_sim_behav
INFO: [USF-XSim-69] 'elaborate' step finished in '2' seconds
INFO: [USF-XSim-4] XSim::Simulate design
INFO: [USF-XSim-61] Executing 'SIMULATE' step in 'C:/Users/X/Documents/GitHub/RISCVCPU/RISCV/RISCV.sim/sim_1/behav/xsim'
INFO: [USF-XSim-98] *** Running xsim
   with args "IFID_sim_behav -key {Behavioral:sim_1:Functional:IFID_sim} -tclbatch {IFID_sim.tcl} -view {C:/Users/X/Documents/GitHub/RISCVCPU/RISCV/IF_sim_behav.wcfg} -log {simulate.log}"
INFO: [USF-XSim-8] Loading simulator feature
Vivado Simulator 2018.3
Time resolution is 1 ps
open_wave_config C:/Users/X/Documents/GitHub/RISCVCPU/RISCV/IF_sim_behav.wcfg
source IFID_sim.tcl
# set curr_wave [current_wave_config]
# if { [string length $curr_wave] == 0 } {
#   if { [llength [get_objects]] > 0} {
#     add_wave /
#     set_property needs_save false [current_wave_config]
#   } else {
#      send_msg_id Add_Wave-1 WARNING "No top level signals found. Simulator will start without a wave window. If you want to open a wave window go to 'File->New Waveform Configuration' or type 'create_wave_config' in the TCL console."
#   }
# }
# run 1000ns
 Block Memory Generator module loading initial data...
 Block Memory Generator data initialization complete.
Block Memory Generator module IFID_sim.if_unit.instMem.inst.native_mem_module.blk_mem_gen_v8_4_2_inst is using a behavioral model for simulation which will not precisely model memory collision behavior.
at time               100000,d=00000000000000000000000000000000000000000000000xxxxxxxxxxxxxxxxxxxxxxxxxxxxxxxxxxxxxxxxxxxxxxxxxxxxxxxxxxxxxxxx0000000000000000000000000000000000000000000000000,rs1=00000000000000000000000000000000,rs2=00000000000000000000000000000000
at time               150000,d=0000000010000001000000001001001100010000000000100000000000000000000000000000000000000000000000000000000000000000000000000000000000000000000100000000000000000000,rs1=00000000000000000000000000000000,rs2=00000000000000000000000000000000
INFO: [USF-XSim-96] XSim completed. Design snapshot 'IFID_sim_behav' loaded.
INFO: [USF-XSim-97] XSim simulation ran for 1000ns
launch_simulation: Time (s): cpu = 00:00:04 ; elapsed = 00:00:05 . Memory (MB): peak = 924.398 ; gain = 23.852
close_sim
INFO: [Simtcl 6-16] Simulation closed
export_ip_user_files -of_objects  [get_files C:/Users/X/Documents/GitHub/RISCVCPU/Pipline/ALU.v] -no_script -reset -force -quiet
remove_files  C:/Users/X/Documents/GitHub/RISCVCPU/Pipline/ALU.v
exit
INFO: [Common 17-206] Exiting Vivado at Mon Jun 21 15:00:32 2021...
