#-----------------------------------------------------------
# Vivado v2018.3 (64-bit)
# SW Build 2405991 on Thu Dec  6 23:38:27 MST 2018
# IP Build 2404404 on Fri Dec  7 01:43:56 MST 2018
# Start of session at: Fri Jul 16 21:51:36 2021
# Process ID: 38600
# Current directory: C:/Users/chaorunliu/Desktop/files/RISCVCPU/RISCV
# Command line: vivado.exe -gui_launcher_event rodinguilauncherevent31528 C:\Users\chaorunliu\Desktop\files\RISCVCPU\RISCV\RISCV.xpr
# Log file: C:/Users/chaorunliu/Desktop/files/RISCVCPU/RISCV/vivado.log
# Journal file: C:/Users/chaorunliu/Desktop/files/RISCVCPU/RISCV\vivado.jou
#-----------------------------------------------------------
start_gui
open_project C:/Users/chaorunliu/Desktop/files/RISCVCPU/RISCV/RISCV.xpr
CRITICAL WARNING: [Project 1-19] Could not find the file 'C:/Users/chaorunliu/Desktop/files/RISCVCPU/RISCV/RISCV.srcs/sources_1/ip/prgROM/double_instruction.coe'.
Scanning sources...
Finished scanning sources
INFO: [IP_Flow 19-234] Refreshing IP repositories
INFO: [IP_Flow 19-1704] No user IP repositories specified
INFO: [IP_Flow 19-2313] Loaded Vivado IP repository 'C:/Xilinx/Vivado/2018.3/data/ip'.
open_project: Time (s): cpu = 00:00:15 ; elapsed = 00:00:08 . Memory (MB): peak = 787.340 ; gain = 164.676
update_compile_order -fileset sources_1
INFO: [Device 21-403] Loading part xc7vx485tffg1157-1
WARNING: [IP_Flow 19-4067] Ignoring invalid widget type specified checkbox.Providing a default widget
WARNING: [IP_Flow 19-4067] Ignoring invalid widget type specified checkbox.Providing a default widget
exit
INFO: [Common 17-206] Exiting Vivado at Fri Jul 16 21:52:36 2021...
