#-----------------------------------------------------------
# Vivado v2018.3 (64-bit)
# SW Build 2405991 on Thu Dec  6 23:38:27 MST 2018
# IP Build 2404404 on Fri Dec  7 01:43:56 MST 2018
# Start of session at: Tue Jun 22 09:49:39 2021
# Process ID: 18076
# Current directory: C:/Users/X/Documents/GitHub/RISCVCPU/RISCV
# Command line: vivado.exe -gui_launcher_event rodinguilauncherevent2580 C:\Users\X\Documents\GitHub\RISCVCPU\RISCV\RISCV.xpr
# Log file: C:/Users/X/Documents/GitHub/RISCVCPU/RISCV/vivado.log
# Journal file: C:/Users/X/Documents/GitHub/RISCVCPU/RISCV\vivado.jou
#-----------------------------------------------------------
start_gui
open_project C:/Users/X/Documents/GitHub/RISCVCPU/RISCV/RISCV.xpr
Scanning sources...
Finished scanning sources
INFO: [IP_Flow 19-234] Refreshing IP repositories
INFO: [IP_Flow 19-1704] No user IP repositories specified
INFO: [IP_Flow 19-2313] Loaded Vivado IP repository 'C:/Xilinx/Vivado/2018.3/data/ip'.
update_compile_order -fileset sources_1
exit
INFO: [Common 17-206] Exiting Vivado at Tue Jun 22 10:23:58 2021...
